# JRE version: Java(TM) SE Runtime Environment (8.0_311-b11) (build 1.8.0_311-b11)
# Java VM: Java HotSpot(TM) 64-Bit Server VM (25.311-b11 mixed mode windows-amd64 compressed oops)
Heap:
 PSYoungGen      total 152576K, used 24087K [0x0000000716780000, 0x0000000721180000, 0x00000007c0000000)
  eden space 131072K, 6% used [0x0000000716780000,0x0000000716fe09d0,0x000000071e780000)
  from space 21504K, 72% used [0x000000071fc80000,0x0000000720ba54c0,0x0000000721180000)
  to   space 21504K, 0% used [0x000000071e780000,0x000000071e780000,0x000000071fc80000)
 ParOldGen       total 246784K, used 6927K [0x00000005c3600000, 0x00000005d2700000, 0x0000000716780000)
  object space 246784K, 2% used [0x00000005c3600000,0x00000005c3cc3da8,0x00000005d2700000)
 Metaspace       used 30477K, capacity 32076K, committed 32256K, reserved 1077248K
  class space    used 4216K, capacity 4509K, committed 4608K, reserved 1048576K
GC Heap History (6 events):
Event: 1.000 GC heap before
{Heap before GC invocations=1 (full 0):
 PSYoungGen      total 152576K, used 86585K [0x0000000716780000, 0x0000000721180000, 0x00000007c0000000)
  eden space 131072K, 66% used [0x0000000716780000,0x000000071bc0e7f0,0x000000071e780000)
  from space 21504K, 0% used [0x000000071fc80000,0x000000071fc80000,0x0000000721180000)
  to   space 21504K, 0% used [0x000000071e780000,0x000000071e780000,0x000000071fc80000)
 ParOldGen       total 348160K, used 0K [0x00000005c3600000, 0x00000005d8a00000, 0x0000000716780000)
  object space 348160K, 0% used [0x00000005c3600000,0x00000005c3600000,0x00000005d8a00000)
 Metaspace       used 20245K, capacity 21236K, committed 21296K, reserved 1067008K
  class space    used 2970K, capacity 3191K, committed 3200K, reserved 1048576K
Event: 1.005 GC heap after
Heap after GC invocations=1 (full 0):
 PSYoungGen      total 152576K, used 7133K [0x0000000716780000, 0x0000000721180000, 0x00000007c0000000)
  eden space 131072K, 0% used [0x0000000716780000,0x0000000716780000,0x000000071e780000)
  from space 21504K, 33% used [0x000000071e780000,0x000000071ee774d0,0x000000071fc80000)
  to   space 21504K, 0% used [0x000000071fc80000,0x000000071fc80000,0x0000000721180000)
 ParOldGen       total 348160K, used 88K [0x00000005c3600000, 0x00000005d8a00000, 0x0000000716780000)
  object space 348160K, 0% used [0x00000005c3600000,0x00000005c3616010,0x00000005d8a00000)
 Metaspace       used 20245K, capacity 21236K, committed 21296K, reserved 1067008K
  class space    used 2970K, capacity 3191K, committed 3200K, reserved 1048576K
}
Event: 1.005 GC heap before
{Heap before GC invocations=2 (full 1):
 PSYoungGen      total 152576K, used 7133K [0x0000000716780000, 0x0000000721180000, 0x00000007c0000000)
  eden space 131072K, 0% used [0x0000000716780000,0x0000000716780000,0x000000071e780000)
  from space 21504K, 33% used [0x000000071e780000,0x000000071ee774d0,0x000000071fc80000)
  to   space 21504K, 0% used [0x000000071fc80000,0x000000071fc80000,0x0000000721180000)
 ParOldGen       total 348160K, used 88K [0x00000005c3600000, 0x00000005d8a00000, 0x0000000716780000)
  object space 348160K, 0% used [0x00000005c3600000,0x00000005c3616010,0x00000005d8a00000)
 Metaspace       used 20245K, capacity 21236K, committed 21296K, reserved 1067008K
  class space    used 2970K, capacity 3191K, committed 3200K, reserved 1048576K
Event: 1.028 GC heap after
Heap after GC invocations=2 (full 1):
 PSYoungGen      total 152576K, used 0K [0x0000000716780000, 0x0000000721180000, 0x00000007c0000000)
  eden space 131072K, 0% used [0x0000000716780000,0x0000000716780000,0x000000071e780000)
  from space 21504K, 0% used [0x000000071e780000,0x000000071e780000,0x000000071fc80000)
  to   space 21504K, 0% used [0x000000071fc80000,0x000000071fc80000,0x0000000721180000)
 ParOldGen       total 246784K, used 6911K [0x00000005c3600000, 0x00000005d2700000, 0x0000000716780000)
  object space 246784K, 2% used [0x00000005c3600000,0x00000005c3cbfda8,0x00000005d2700000)
 Metaspace       used 20245K, capacity 21236K, committed 21296K, reserved 1067008K
  class space    used 2970K, capacity 3191K, committed 3200K, reserved 1048576K
}
Event: 898.235 GC heap before
{Heap before GC invocations=3 (full 1):
 PSYoungGen      total 152576K, used 131072K [0x0000000716780000, 0x0000000721180000, 0x00000007c0000000)
  eden space 131072K, 100% used [0x0000000716780000,0x000000071e780000,0x000000071e780000)
  from space 21504K, 0% used [0x000000071e780000,0x000000071e780000,0x000000071fc80000)
  to   space 21504K, 0% used [0x000000071fc80000,0x000000071fc80000,0x0000000721180000)
 ParOldGen       total 246784K, used 6911K [0x00000005c3600000, 0x00000005d2700000, 0x0000000716780000)
  object space 246784K, 2% used [0x00000005c3600000,0x00000005c3cbfda8,0x00000005d2700000)
 Metaspace       used 30449K, capacity 32064K, committed 32256K, reserved 1077248K
  class space    used 4211K, capacity 4507K, committed 4608K, reserved 1048576K
Event: 898.242 GC heap after
Heap after GC invocations=3 (full 1):
 PSYoungGen      total 152576K, used 15509K [0x0000000716780000, 0x0000000721180000, 0x00000007c0000000)
  eden space 131072K, 0% used [0x0000000716780000,0x0000000716780000,0x000000071e780000)
  from space 21504K, 72% used [0x000000071fc80000,0x0000000720ba54c0,0x0000000721180000)
  to   space 21504K, 0% used [0x000000071e780000,0x000000071e780000,0x000000071fc80000)
 ParOldGen       total 246784K, used 6927K [0x00000005c3600000, 0x00000005d2700000, 0x0000000716780000)
  object space 246784K, 2% used [0x00000005c3600000,0x00000005c3cc3da8,0x00000005d2700000)
 Metaspace       used 30449K, capacity 32064K, committed 32256K, reserved 1077248K
  class space    used 4211K, capacity 4507K, committed 4608K, reserved 1048576K
}

