# JRE version: Java(TM) SE Runtime Environment (8.0_311-b11) (build 1.8.0_311-b11)
# Java VM: Java HotSpot(TM) 64-Bit Server VM (25.311-b11 mixed mode windows-amd64 compressed oops)
Heap:
 PSYoungGen      total 152576K, used 26314K [0x0000000716780000, 0x0000000722400000, 0x00000007c0000000)
  eden space 131072K, 9% used [0x0000000716780000,0x000000071732c440,0x000000071e780000)
  from space 21504K, 66% used [0x000000071fc80000,0x0000000720a866d0,0x0000000721180000)
  to   space 21504K, 0% used [0x000000071e780000,0x000000071e780000,0x000000071fc80000)
 ParOldGen       total 243200K, used 6666K [0x00000005c3600000, 0x00000005d2380000, 0x0000000716780000)
  object space 243200K, 2% used [0x00000005c3600000,0x00000005c3c82948,0x00000005d2380000)
 Metaspace       used 30049K, capacity 31636K, committed 32000K, reserved 1077248K
  class space    used 4198K, capacity 4497K, committed 4608K, reserved 1048576K
GC Heap History (6 events):
Event: 0.953 GC heap before
{Heap before GC invocations=1 (full 0):
 PSYoungGen      total 152576K, used 76077K [0x0000000716780000, 0x0000000721180000, 0x00000007c0000000)
  eden space 131072K, 58% used [0x0000000716780000,0x000000071b1cb770,0x000000071e780000)
  from space 21504K, 0% used [0x000000071fc80000,0x000000071fc80000,0x0000000721180000)
  to   space 21504K, 0% used [0x000000071e780000,0x000000071e780000,0x000000071fc80000)
 ParOldGen       total 348160K, used 0K [0x00000005c3600000, 0x00000005d8a00000, 0x0000000716780000)
  object space 348160K, 0% used [0x00000005c3600000,0x00000005c3600000,0x00000005d8a00000)
 Metaspace       used 20052K, capacity 21084K, committed 21248K, reserved 1067008K
  class space    used 2978K, capacity 3221K, committed 3328K, reserved 1048576K
Event: 0.958 GC heap after
Heap after GC invocations=1 (full 0):
 PSYoungGen      total 152576K, used 6786K [0x0000000716780000, 0x0000000721180000, 0x00000007c0000000)
  eden space 131072K, 0% used [0x0000000716780000,0x0000000716780000,0x000000071e780000)
  from space 21504K, 31% used [0x000000071e780000,0x000000071ee20ab0,0x000000071fc80000)
  to   space 21504K, 0% used [0x000000071fc80000,0x000000071fc80000,0x0000000721180000)
 ParOldGen       total 348160K, used 88K [0x00000005c3600000, 0x00000005d8a00000, 0x0000000716780000)
  object space 348160K, 0% used [0x00000005c3600000,0x00000005c3616010,0x00000005d8a00000)
 Metaspace       used 20052K, capacity 21084K, committed 21248K, reserved 1067008K
  class space    used 2978K, capacity 3221K, committed 3328K, reserved 1048576K
}
Event: 0.958 GC heap before
{Heap before GC invocations=2 (full 1):
 PSYoungGen      total 152576K, used 6786K [0x0000000716780000, 0x0000000721180000, 0x00000007c0000000)
  eden space 131072K, 0% used [0x0000000716780000,0x0000000716780000,0x000000071e780000)
  from space 21504K, 31% used [0x000000071e780000,0x000000071ee20ab0,0x000000071fc80000)
  to   space 21504K, 0% used [0x000000071fc80000,0x000000071fc80000,0x0000000721180000)
 ParOldGen       total 348160K, used 88K [0x00000005c3600000, 0x00000005d8a00000, 0x0000000716780000)
  object space 348160K, 0% used [0x00000005c3600000,0x00000005c3616010,0x00000005d8a00000)
 Metaspace       used 20052K, capacity 21084K, committed 21248K, reserved 1067008K
  class space    used 2978K, capacity 3221K, committed 3328K, reserved 1048576K
Event: 0.978 GC heap after
Heap after GC invocations=2 (full 1):
 PSYoungGen      total 152576K, used 0K [0x0000000716780000, 0x0000000721180000, 0x00000007c0000000)
  eden space 131072K, 0% used [0x0000000716780000,0x0000000716780000,0x000000071e780000)
  from space 21504K, 0% used [0x000000071e780000,0x000000071e780000,0x000000071fc80000)
  to   space 21504K, 0% used [0x000000071fc80000,0x000000071fc80000,0x0000000721180000)
 ParOldGen       total 243200K, used 6650K [0x00000005c3600000, 0x00000005d2380000, 0x0000000716780000)
  object space 243200K, 2% used [0x00000005c3600000,0x00000005c3c7e948,0x00000005d2380000)
 Metaspace       used 20052K, capacity 21084K, committed 21248K, reserved 1067008K
  class space    used 2978K, capacity 3221K, committed 3328K, reserved 1048576K
}
Event: 4.279 GC heap before
{Heap before GC invocations=3 (full 1):
 PSYoungGen      total 152576K, used 131072K [0x0000000716780000, 0x0000000721180000, 0x00000007c0000000)
  eden space 131072K, 100% used [0x0000000716780000,0x000000071e780000,0x000000071e780000)
  from space 21504K, 0% used [0x000000071e780000,0x000000071e780000,0x000000071fc80000)
  to   space 21504K, 0% used [0x000000071fc80000,0x000000071fc80000,0x0000000721180000)
 ParOldGen       total 243200K, used 6650K [0x00000005c3600000, 0x00000005d2380000, 0x0000000716780000)
  object space 243200K, 2% used [0x00000005c3600000,0x00000005c3c7e948,0x00000005d2380000)
 Metaspace       used 29953K, capacity 31486K, committed 31744K, reserved 1077248K
  class space    used 4192K, capacity 4494K, committed 4608K, reserved 1048576K
Event: 4.285 GC heap after
Heap after GC invocations=3 (full 1):
 PSYoungGen      total 152576K, used 14361K [0x0000000716780000, 0x0000000722400000, 0x00000007c0000000)
  eden space 131072K, 0% used [0x0000000716780000,0x0000000716780000,0x000000071e780000)
  from space 21504K, 66% used [0x000000071fc80000,0x0000000720a866d0,0x0000000721180000)
  to   space 21504K, 0% used [0x000000071e780000,0x000000071e780000,0x000000071fc80000)
 ParOldGen       total 243200K, used 6666K [0x00000005c3600000, 0x00000005d2380000, 0x0000000716780000)
  object space 243200K, 2% used [0x00000005c3600000,0x00000005c3c82948,0x00000005d2380000)
 Metaspace       used 29953K, capacity 31486K, committed 31744K, reserved 1077248K
  class space    used 4192K, capacity 4494K, committed 4608K, reserved 1048576K
}

