# JRE version: Java(TM) SE Runtime Environment (8.0_311-b11) (build 1.8.0_311-b11)
# Java VM: Java HotSpot(TM) 64-Bit Server VM (25.311-b11 mixed mode windows-amd64 compressed oops)
Heap:
 PSYoungGen      total 152576K, used 76360K [0x0000000716780000, 0x0000000722400000, 0x00000007c0000000)
  eden space 131072K, 47% used [0x0000000716780000,0x000000071a3f3d68,0x000000071e780000)
  from space 21504K, 67% used [0x000000071fc80000,0x0000000720a9e600,0x0000000721180000)
  to   space 21504K, 0% used [0x000000071e780000,0x000000071e780000,0x000000071fc80000)
 ParOldGen       total 241152K, used 6744K [0x00000005c3600000, 0x00000005d2180000, 0x0000000716780000)
  object space 241152K, 2% used [0x00000005c3600000,0x00000005c3c961e0,0x00000005d2180000)
 Metaspace       used 31040K, capacity 32740K, committed 33024K, reserved 1077248K
  class space    used 4211K, capacity 4523K, committed 4608K, reserved 1048576K
GC Heap History (6 events):
Event: 0.957 GC heap before
{Heap before GC invocations=1 (full 0):
 PSYoungGen      total 152576K, used 76077K [0x0000000716780000, 0x0000000721180000, 0x00000007c0000000)
  eden space 131072K, 58% used [0x0000000716780000,0x000000071b1cb558,0x000000071e780000)
  from space 21504K, 0% used [0x000000071fc80000,0x000000071fc80000,0x0000000721180000)
  to   space 21504K, 0% used [0x000000071e780000,0x000000071e780000,0x000000071fc80000)
 ParOldGen       total 348160K, used 0K [0x00000005c3600000, 0x00000005d8a00000, 0x0000000716780000)
  object space 348160K, 0% used [0x00000005c3600000,0x00000005c3600000,0x00000005d8a00000)
 Metaspace       used 20120K, capacity 21090K, committed 21248K, reserved 1067008K
  class space    used 2989K, capacity 3222K, committed 3328K, reserved 1048576K
Event: 0.963 GC heap after
Heap after GC invocations=1 (full 0):
 PSYoungGen      total 152576K, used 6853K [0x0000000716780000, 0x0000000721180000, 0x00000007c0000000)
  eden space 131072K, 0% used [0x0000000716780000,0x0000000716780000,0x000000071e780000)
  from space 21504K, 31% used [0x000000071e780000,0x000000071ee31520,0x000000071fc80000)
  to   space 21504K, 0% used [0x000000071fc80000,0x000000071fc80000,0x0000000721180000)
 ParOldGen       total 348160K, used 88K [0x00000005c3600000, 0x00000005d8a00000, 0x0000000716780000)
  object space 348160K, 0% used [0x00000005c3600000,0x00000005c3616010,0x00000005d8a00000)
 Metaspace       used 20120K, capacity 21090K, committed 21248K, reserved 1067008K
  class space    used 2989K, capacity 3222K, committed 3328K, reserved 1048576K
}
Event: 0.963 GC heap before
{Heap before GC invocations=2 (full 1):
 PSYoungGen      total 152576K, used 6853K [0x0000000716780000, 0x0000000721180000, 0x00000007c0000000)
  eden space 131072K, 0% used [0x0000000716780000,0x0000000716780000,0x000000071e780000)
  from space 21504K, 31% used [0x000000071e780000,0x000000071ee31520,0x000000071fc80000)
  to   space 21504K, 0% used [0x000000071fc80000,0x000000071fc80000,0x0000000721180000)
 ParOldGen       total 348160K, used 88K [0x00000005c3600000, 0x00000005d8a00000, 0x0000000716780000)
  object space 348160K, 0% used [0x00000005c3600000,0x00000005c3616010,0x00000005d8a00000)
 Metaspace       used 20120K, capacity 21090K, committed 21248K, reserved 1067008K
  class space    used 2989K, capacity 3222K, committed 3328K, reserved 1048576K
Event: 0.982 GC heap after
Heap after GC invocations=2 (full 1):
 PSYoungGen      total 152576K, used 0K [0x0000000716780000, 0x0000000721180000, 0x00000007c0000000)
  eden space 131072K, 0% used [0x0000000716780000,0x0000000716780000,0x000000071e780000)
  from space 21504K, 0% used [0x000000071e780000,0x000000071e780000,0x000000071fc80000)
  to   space 21504K, 0% used [0x000000071fc80000,0x000000071fc80000,0x0000000721180000)
 ParOldGen       total 241152K, used 6728K [0x00000005c3600000, 0x00000005d2180000, 0x0000000716780000)
  object space 241152K, 2% used [0x00000005c3600000,0x00000005c3c921e0,0x00000005d2180000)
 Metaspace       used 20120K, capacity 21090K, committed 21248K, reserved 1067008K
  class space    used 2989K, capacity 3222K, committed 3328K, reserved 1048576K
}
Event: 6.269 GC heap before
{Heap before GC invocations=3 (full 1):
 PSYoungGen      total 152576K, used 131072K [0x0000000716780000, 0x0000000721180000, 0x00000007c0000000)
  eden space 131072K, 100% used [0x0000000716780000,0x000000071e780000,0x000000071e780000)
  from space 21504K, 0% used [0x000000071e780000,0x000000071e780000,0x000000071fc80000)
  to   space 21504K, 0% used [0x000000071fc80000,0x000000071fc80000,0x0000000721180000)
 ParOldGen       total 241152K, used 6728K [0x00000005c3600000, 0x00000005d2180000, 0x0000000716780000)
  object space 241152K, 2% used [0x00000005c3600000,0x00000005c3c921e0,0x00000005d2180000)
 Metaspace       used 30062K, capacity 31678K, committed 32000K, reserved 1077248K
  class space    used 4188K, capacity 4490K, committed 4608K, reserved 1048576K
Event: 6.276 GC heap after
Heap after GC invocations=3 (full 1):
 PSYoungGen      total 152576K, used 14457K [0x0000000716780000, 0x0000000722400000, 0x00000007c0000000)
  eden space 131072K, 0% used [0x0000000716780000,0x0000000716780000,0x000000071e780000)
  from space 21504K, 67% used [0x000000071fc80000,0x0000000720a9e600,0x0000000721180000)
  to   space 21504K, 0% used [0x000000071e780000,0x000000071e780000,0x000000071fc80000)
 ParOldGen       total 241152K, used 6744K [0x00000005c3600000, 0x00000005d2180000, 0x0000000716780000)
  object space 241152K, 2% used [0x00000005c3600000,0x00000005c3c961e0,0x00000005d2180000)
 Metaspace       used 30062K, capacity 31678K, committed 32000K, reserved 1077248K
  class space    used 4188K, capacity 4490K, committed 4608K, reserved 1048576K
}

